INFO 2025-11-19 11:26:20,123 dual_auth 10064 2180 User seif778811@gmail.com authenticated with regular JWT (universal)
INFO 2025-11-19 11:26:20,180 serializers 10064 2180 UPDATE: questions_data is None: False, len=2
INFO 2025-11-19 11:26:20,181 serializers 10064 2180 UPDATE: First question sample: {'text': 'test1', 'question_type': 'yes_no', 'is_required': False, 'order': 1, 'validation_type': 'none', 'NPS_Calculate': False, 'CSAT_Calculate': False, 'min_scale': 0, 'max_scale': 5, '_temp_id': 'temp-1763544295573'}
INFO 2025-11-19 11:26:20,181 models 10064 2180 Survey.save() - per_device_access before check: False (type: <class 'bool'>)
INFO 2025-11-19 11:26:20,182 models 10064 2180 Survey.save() - per_device_access final value: False
INFO 2025-11-19 11:26:20,193 serializers 10064 2180 UPDATE: Processing question - temp_id=temp-1763544295573, question_id=None, data keys=['text', 'question_type', 'is_required', 'order', 'validation_type', 'NPS_Calculate', 'CSAT_Calculate', 'min_scale', 'max_scale']
INFO 2025-11-19 11:26:20,193 serializers 10064 2180 UPDATE: Creating new question from temp ID or no ID
INFO 2025-11-19 11:26:20,200 serializers 10064 2180 UPDATE: Created new question 7ef90670-f386-4dc3-b21d-374548a7b2b0 (temp_id was temp-1763544295573)
INFO 2025-11-19 11:26:20,201 serializers 10064 2180 Mapped temp ID 'temp-1763544295573' to question 7ef90670-f386-4dc3-b21d-374548a7b2b0 (order 1)
INFO 2025-11-19 11:26:20,201 serializers 10064 2180 UPDATE: Processing question - temp_id=temp-1763544296573, question_id=None, data keys=['text', 'question_type', 'is_required', 'order', 'validation_type', 'NPS_Calculate', 'CSAT_Calculate', 'min_scale', 'max_scale']
INFO 2025-11-19 11:26:20,202 serializers 10064 2180 UPDATE: Creating new question from temp ID or no ID
INFO 2025-11-19 11:26:20,208 serializers 10064 2180 UPDATE: Created new question 817b532e-0de3-4984-9540-e7cf5ecf52f7 (temp_id was temp-1763544296573)
INFO 2025-11-19 11:26:20,208 serializers 10064 2180 Mapped temp ID 'temp-1763544296573' to question 817b532e-0de3-4984-9540-e7cf5ecf52f7 (order 2)
INFO 2025-11-19 11:26:20,210 serializers 10064 2180 UPDATE: Existing question IDs: {UUID('817b532e-0de3-4984-9540-e7cf5ecf52f7'), UUID('7ef90670-f386-4dc3-b21d-374548a7b2b0')}
INFO 2025-11-19 11:26:20,211 serializers 10064 2180 UPDATE: Provided question IDs: {'7ef90670-f386-4dc3-b21d-374548a7b2b0', '817b532e-0de3-4984-9540-e7cf5ecf52f7'}
INFO 2025-11-19 11:26:20,211 serializers 10064 2180 UPDATE: Questions to delete: {UUID('817b532e-0de3-4984-9540-e7cf5ecf52f7'), UUID('7ef90670-f386-4dc3-b21d-374548a7b2b0')}
INFO 2025-11-19 11:26:20,224 serializers 10064 2180 UPDATE: Deleted 2 questions
INFO 2025-11-19 11:26:20,226 serializers 10064 2180 Resolved temp ID 'temp-1763544295573' to question 7ef90670-f386-4dc3-b21d-374548a7b2b0
ERROR 2025-11-19 11:26:20,230 serializers 10064 2180 Error creating QuestionCondition: FOREIGN KEY constraint failed
INFO 2025-11-19 11:26:20,231 serializers 10064 2180 Survey updated: d6db12af-72f7-418d-a92c-948b6987f15c with 2 questions
INFO 2025-11-19 11:26:20,231 views 10064 2180 Survey d6db12af-72f7-418d-a92c-948b6987f15c updated by seif778811@gmail.com (role: super_admin)
INFO 2025-11-19 11:29:20,949 dual_auth 14532 24180 User seif778811@gmail.com authenticated with regular JWT (universal)
INFO 2025-11-19 11:29:20,966 dual_auth 14532 11552 User seif778811@gmail.com authenticated with regular JWT (universal)
INFO 2025-11-19 11:29:23,503 dual_auth 14532 11552 User seif778811@gmail.com authenticated with regular JWT (universal)
INFO 2025-11-19 11:29:23,508 views 14532 11552 Successfully retrieved survey d6db12af-72f7-418d-a92c-948b6987f15c: test
INFO 2025-11-19 11:29:23,508 views 14532 11552 Successfully serialized survey d6db12af-72f7-418d-a92c-948b6987f15c
INFO 2025-11-19 11:30:18,159 dual_auth 14532 11552 User seif778811@gmail.com authenticated with regular JWT (universal)
INFO 2025-11-19 11:30:18,183 serializers 14532 11552 UPDATE: questions_data is None: False, len=2
INFO 2025-11-19 11:30:18,184 serializers 14532 11552 UPDATE: First question sample: {'text': 'test 1', 'question_type': 'yes_no', 'is_required': False, 'order': 1, 'validation_type': 'none', 'NPS_Calculate': False, 'CSAT_Calculate': False, 'min_scale': 0, 'max_scale': 5, '_temp_id': 'temp-1763544567739'}
INFO 2025-11-19 11:30:18,184 models 14532 11552 Survey.save() - per_device_access before check: False (type: <class 'bool'>)
INFO 2025-11-19 11:30:18,184 models 14532 11552 Survey.save() - per_device_access final value: False
INFO 2025-11-19 11:30:18,198 serializers 14532 11552 UPDATE: Processing question - temp_id=temp-1763544567739, question_id=None, data keys=['text', 'question_type', 'is_required', 'order', 'validation_type', 'NPS_Calculate', 'CSAT_Calculate', 'min_scale', 'max_scale']
INFO 2025-11-19 11:30:18,198 serializers 14532 11552 UPDATE: Creating new question from temp ID or no ID
INFO 2025-11-19 11:30:18,205 serializers 14532 11552 UPDATE: Created new question 3d6873ef-2f9e-4d10-a17a-7454347e90d4 (temp_id was temp-1763544567739)
INFO 2025-11-19 11:30:18,205 serializers 14532 11552 Mapped temp ID 'temp-1763544567739' to question 3d6873ef-2f9e-4d10-a17a-7454347e90d4 (order 1)
INFO 2025-11-19 11:30:18,206 serializers 14532 11552 UPDATE: Processing question - temp_id=temp-1763544566155, question_id=None, data keys=['text', 'question_type', 'is_required', 'order', 'validation_type', 'NPS_Calculate', 'CSAT_Calculate', 'min_scale', 'max_scale']
INFO 2025-11-19 11:30:18,207 serializers 14532 11552 UPDATE: Creating new question from temp ID or no ID
INFO 2025-11-19 11:30:18,213 serializers 14532 11552 UPDATE: Created new question 61115840-863f-41bb-a90e-772401cd09fa (temp_id was temp-1763544566155)
INFO 2025-11-19 11:30:18,213 serializers 14532 11552 Mapped temp ID 'temp-1763544566155' to question 61115840-863f-41bb-a90e-772401cd09fa (order 2)
INFO 2025-11-19 11:30:18,215 serializers 14532 11552 UPDATE: Existing question IDs: {'3d6873ef-2f9e-4d10-a17a-7454347e90d4', '61115840-863f-41bb-a90e-772401cd09fa'}
INFO 2025-11-19 11:30:18,215 serializers 14532 11552 UPDATE: Provided question IDs: {'3d6873ef-2f9e-4d10-a17a-7454347e90d4', '61115840-863f-41bb-a90e-772401cd09fa'}
INFO 2025-11-19 11:30:18,215 serializers 14532 11552 UPDATE: Questions to delete: set()
INFO 2025-11-19 11:30:18,215 serializers 14532 11552 Resolved temp ID 'temp-1763544567739' to question 3d6873ef-2f9e-4d10-a17a-7454347e90d4
INFO 2025-11-19 11:30:18,223 serializers 14532 11552 Created conditional logic: Q1 = 'نعم' -> Q2
INFO 2025-11-19 11:30:18,224 serializers 14532 11552 Survey updated: d6db12af-72f7-418d-a92c-948b6987f15c with 2 questions
INFO 2025-11-19 11:30:18,224 views 14532 11552 Survey d6db12af-72f7-418d-a92c-948b6987f15c updated by seif778811@gmail.com (role: super_admin)
INFO 2025-11-19 11:30:24,955 dual_auth 14532 24180 User seif778811@gmail.com authenticated with regular JWT (universal)
INFO 2025-11-19 11:30:24,955 dual_auth 14532 11552 User seif778811@gmail.com authenticated with regular JWT (universal)
INFO 2025-11-19 11:30:27,431 dual_auth 14532 24180 User seif778811@gmail.com authenticated with regular JWT (universal)
INFO 2025-11-19 11:30:27,435 views 14532 24180 Successfully retrieved survey d6db12af-72f7-418d-a92c-948b6987f15c: test
INFO 2025-11-19 11:30:27,435 views 14532 24180 Successfully serialized survey d6db12af-72f7-418d-a92c-948b6987f15c
INFO 2025-11-19 11:30:33,575 dual_auth 14532 24180 User seif778811@gmail.com authenticated with regular JWT (universal)
INFO 2025-11-19 11:30:33,582 serializers 14532 24180 UPDATE: questions_data is None: False, len=2
INFO 2025-11-19 11:30:33,583 serializers 14532 24180 UPDATE: First question sample: {'text': 'test 1', 'question_type': 'yes_no', 'is_required': False, 'order': 1, 'validation_type': 'none', 'NPS_Calculate': False, 'CSAT_Calculate': False, 'min_scale': 0, 'max_scale': 5, 'set_conditional_on': []}
INFO 2025-11-19 11:30:33,583 models 14532 24180 Survey.save() - per_device_access before check: False (type: <class 'bool'>)
INFO 2025-11-19 11:30:33,583 models 14532 24180 Survey.save() - per_device_access final value: False
INFO 2025-11-19 11:30:33,597 serializers 14532 24180 UPDATE: Processing question - temp_id=None, question_id=None, data keys=['text', 'question_type', 'is_required', 'order', 'validation_type', 'NPS_Calculate', 'CSAT_Calculate', 'min_scale', 'max_scale']
INFO 2025-11-19 11:30:33,597 serializers 14532 24180 UPDATE: Creating new question from temp ID or no ID
INFO 2025-11-19 11:30:33,604 serializers 14532 24180 UPDATE: Created new question c0608ad1-fd4f-43a2-b24c-e80bda8063dc (temp_id was None)
INFO 2025-11-19 11:30:33,605 serializers 14532 24180 UPDATE: Processing question - temp_id=None, question_id=None, data keys=['text', 'question_type', 'is_required', 'order', 'validation_type', 'NPS_Calculate', 'CSAT_Calculate', 'min_scale', 'max_scale']
INFO 2025-11-19 11:30:33,605 serializers 14532 24180 UPDATE: Creating new question from temp ID or no ID
INFO 2025-11-19 11:30:33,612 serializers 14532 24180 UPDATE: Created new question fa0869ac-9a5c-43a0-af72-2d3c7c9fae80 (temp_id was None)
INFO 2025-11-19 11:30:33,614 serializers 14532 24180 UPDATE: Existing question IDs: {'c0608ad1-fd4f-43a2-b24c-e80bda8063dc', 'fa0869ac-9a5c-43a0-af72-2d3c7c9fae80', '3d6873ef-2f9e-4d10-a17a-7454347e90d4', '61115840-863f-41bb-a90e-772401cd09fa'}
INFO 2025-11-19 11:30:33,614 serializers 14532 24180 UPDATE: Provided question IDs: {'c0608ad1-fd4f-43a2-b24c-e80bda8063dc', 'fa0869ac-9a5c-43a0-af72-2d3c7c9fae80'}
INFO 2025-11-19 11:30:33,614 serializers 14532 24180 UPDATE: Questions to delete: {'3d6873ef-2f9e-4d10-a17a-7454347e90d4', '61115840-863f-41bb-a90e-772401cd09fa'}
INFO 2025-11-19 11:30:33,627 serializers 14532 24180 UPDATE: Deleted 2 questions
ERROR 2025-11-19 11:30:33,629 serializers 14532 24180 Trigger question 3d6873ef-2f9e-4d10-a17a-7454347e90d4 not found in survey d6db12af-72f7-418d-a92c-948b6987f15c
INFO 2025-11-19 11:30:33,629 serializers 14532 24180 Survey updated: d6db12af-72f7-418d-a92c-948b6987f15c with 2 questions
INFO 2025-11-19 11:30:33,629 views 14532 24180 Survey d6db12af-72f7-418d-a92c-948b6987f15c updated by seif778811@gmail.com (role: super_admin)
INFO 2025-11-19 11:30:33,674 dual_auth 14532 24180 User seif778811@gmail.com authenticated with regular JWT (universal)
INFO 2025-11-19 11:30:33,684 views 14532 24180 Successfully retrieved survey d6db12af-72f7-418d-a92c-948b6987f15c: test
INFO 2025-11-19 11:30:33,686 views 14532 24180 Successfully serialized survey d6db12af-72f7-418d-a92c-948b6987f15c
INFO 2025-11-19 11:30:33,691 dual_auth 14532 11552 User seif778811@gmail.com authenticated with regular JWT (universal)
INFO 2025-11-19 11:30:33,695 dual_auth 14532 20544 User seif778811@gmail.com authenticated with regular JWT (universal)
INFO 2025-11-19 11:30:40,777 dual_auth 14532 11552 User seif778811@gmail.com authenticated with regular JWT (universal)
INFO 2025-11-19 11:30:40,780 serializers 14532 11552 UPDATE: questions_data is None: True, len=0
INFO 2025-11-19 11:30:40,781 models 14532 11552 Survey.save() - per_device_access before check: True (type: <class 'bool'>)
INFO 2025-11-19 11:30:40,781 models 14532 11552 Survey.save() - per_device_access final value: True
INFO 2025-11-19 11:30:40,793 serializers 14532 11552 Survey updated: d6db12af-72f7-418d-a92c-948b6987f15c with 0 questions
INFO 2025-11-19 11:30:40,793 views 14532 11552 Survey d6db12af-72f7-418d-a92c-948b6987f15c visibility changed to PUBLIC from AUTH. Existing tokens remain active.
INFO 2025-11-19 11:30:40,793 views 14532 11552 Survey d6db12af-72f7-418d-a92c-948b6987f15c updated by seif778811@gmail.com (role: super_admin)
INFO 2025-11-19 11:30:40,818 dual_auth 14532 11552 User seif778811@gmail.com authenticated with regular JWT (universal)
INFO 2025-11-19 11:30:40,819 models 14532 11552 Survey.save() - per_device_access before check: True (type: <class 'bool'>)
INFO 2025-11-19 11:30:40,820 models 14532 11552 Survey.save() - per_device_access final value: True
INFO 2025-11-19 11:30:40,827 signals 14532 11552 Survey d6db12af-72f7-418d-a92c-948b6987f15c was published, sending availability notifications
INFO 2025-11-19 11:30:40,827 views 14532 11552 Skipped sending survey availability notifications for survey d6db12af-72f7-418d-a92c-948b6987f15c as send_notifications was not requested
INFO 2025-11-19 11:30:40,853 dual_auth 14532 11552 User seif778811@gmail.com authenticated with regular JWT (universal)
INFO 2025-11-19 11:30:43,530 dual_auth 14532 11552 User seif778811@gmail.com authenticated with regular JWT (universal)
INFO 2025-11-19 11:30:43,548 views 14532 11552 Auto-generated public link for survey d6db12af-72f7-418d-a92c-948b6987f15c via current-link endpoint by seif778811@gmail.com
INFO 2025-11-19 11:30:43,556 dual_auth 14532 11552 User seif778811@gmail.com authenticated with regular JWT (universal)
INFO 2025-11-19 11:30:43,561 views 14532 11552 Current link retrieved for survey d6db12af-72f7-418d-a92c-948b6987f15c by seif778811@gmail.com
INFO 2025-11-19 11:31:32,045 dual_auth 14532 11552 User seif778811@gmail.com authenticated with regular JWT (universal)
INFO 2025-11-19 11:31:38,864 dual_auth 14532 11552 User seif778811@gmail.com authenticated with regular JWT (universal)
INFO 2025-11-19 11:31:38,864 dual_auth 14532 20544 User seif778811@gmail.com authenticated with regular JWT (universal)
INFO 2025-11-19 11:46:03,155 views 8808 17720 JWT tokens refreshed with rotation for user: seif778811@gmail.com
INFO 2025-11-19 11:46:03,163 dual_auth 8808 17720 User seif778811@gmail.com authenticated with regular JWT (universal)
INFO 2025-11-19 11:46:03,193 serializers 8808 17720 Serializer create - per_device_access: False
INFO 2025-11-19 11:46:03,193 serializers 8808 17720 Serializer create - all validated_data keys: ['title', 'description', 'visibility', 'is_active', 'start_date', 'end_date', 'per_device_access', 'questions', 'status', 'creator']
INFO 2025-11-19 11:46:03,194 serializers 8808 17720 About to create survey with data: {'title': 'test 2', 'description': '', 'visibility': 'AUTH', 'is_active': True, 'start_date': None, 'end_date': None, 'per_device_access': False, 'status': 'draft', 'creator': <User: seif778811@gmail.com (super_admin)>}
INFO 2025-11-19 11:46:03,195 models 8808 17720 Survey.save() - per_device_access before check: False (type: <class 'bool'>)
INFO 2025-11-19 11:46:03,195 models 8808 17720 Survey.save() - per_device_access final value: False
INFO 2025-11-19 11:46:03,220 serializers 8808 17720 Mapped temp ID 'temp-1763545527574' to question 367112cc-f954-409c-b549-2cdc4860b884 (order 1)
INFO 2025-11-19 11:46:03,230 serializers 8808 17720 Mapped temp ID 'temp-1763545537919' to question f052e47c-f958-485c-bbbc-93b1cdee6894 (order 2)
INFO 2025-11-19 11:46:03,231 serializers 8808 17720 Resolved temp ID 'temp-1763545527574' to question 367112cc-f954-409c-b549-2cdc4860b884
INFO 2025-11-19 11:46:03,240 serializers 8808 17720 Created conditional logic: Q1 = 'نعم' -> Q2
INFO 2025-11-19 11:46:03,240 serializers 8808 17720 Survey created: 53a749b6-2473-45c3-bdeb-cc3027ff5434 with 2 questions by seif778811@gmail.com
INFO 2025-11-19 11:46:04,990 dual_auth 8808 17720 User seif778811@gmail.com authenticated with regular JWT (universal)
INFO 2025-11-19 11:46:04,995 dual_auth 8808 13504 User seif778811@gmail.com authenticated with regular JWT (universal)
INFO 2025-11-19 11:46:07,700 dual_auth 8808 13504 User seif778811@gmail.com authenticated with regular JWT (universal)
INFO 2025-11-19 11:46:07,705 views 8808 13504 Successfully retrieved survey 53a749b6-2473-45c3-bdeb-cc3027ff5434: test 2
INFO 2025-11-19 11:46:07,706 views 8808 13504 Successfully serialized survey 53a749b6-2473-45c3-bdeb-cc3027ff5434
INFO 2025-11-19 11:46:13,005 dual_auth 8808 13504 User seif778811@gmail.com authenticated with regular JWT (universal)
INFO 2025-11-19 11:46:13,012 serializers 8808 13504 UPDATE: questions_data is None: False, len=2
INFO 2025-11-19 11:46:13,012 serializers 8808 13504 UPDATE: First question sample: {'text': 'q1', 'question_type': 'yes_no', 'is_required': False, 'order': 1, 'validation_type': 'none', 'NPS_Calculate': False, 'CSAT_Calculate': False, 'min_scale': 0, 'max_scale': 5, 'set_conditional_on': []}
INFO 2025-11-19 11:46:13,013 models 8808 13504 Survey.save() - per_device_access before check: False (type: <class 'bool'>)
INFO 2025-11-19 11:46:13,013 models 8808 13504 Survey.save() - per_device_access final value: False
INFO 2025-11-19 11:46:13,039 serializers 8808 13504 UPDATE: Processing question - temp_id=None, question_id=None, set_conditional_on=[], data keys=['text', 'question_type', 'is_required', 'order', 'validation_type', 'NPS_Calculate', 'CSAT_Calculate', 'min_scale', 'max_scale']
INFO 2025-11-19 11:46:13,039 serializers 8808 13504 UPDATE: Creating new question from temp ID or no ID
INFO 2025-11-19 11:46:13,047 serializers 8808 13504 UPDATE: Created new question 85692150-ea42-42bc-849c-eb2aae40158c (temp_id was None)
INFO 2025-11-19 11:46:13,047 serializers 8808 13504 UPDATE: Processing question - temp_id=None, question_id=None, set_conditional_on=[{'trigger_question_id': '367112cc-f954-409c-b549-2cdc4860b884', 'trigger_answer_value': 'نعم'}], data keys=['text', 'question_type', 'is_required', 'order', 'validation_type', 'NPS_Calculate', 'CSAT_Calculate', 'min_scale', 'max_scale']
INFO 2025-11-19 11:46:13,048 serializers 8808 13504 UPDATE: Creating new question from temp ID or no ID
INFO 2025-11-19 11:46:13,055 serializers 8808 13504 UPDATE: Created new question b71daa7d-9989-4135-ab37-1d809a57a666 (temp_id was None)
INFO 2025-11-19 11:46:13,058 serializers 8808 13504 UPDATE: Existing question IDs: {'f052e47c-f958-485c-bbbc-93b1cdee6894', '85692150-ea42-42bc-849c-eb2aae40158c', 'b71daa7d-9989-4135-ab37-1d809a57a666', '367112cc-f954-409c-b549-2cdc4860b884'}
INFO 2025-11-19 11:46:13,059 serializers 8808 13504 UPDATE: Provided question IDs: {'b71daa7d-9989-4135-ab37-1d809a57a666', '85692150-ea42-42bc-849c-eb2aae40158c'}
INFO 2025-11-19 11:46:13,060 serializers 8808 13504 UPDATE: Questions to delete: {'f052e47c-f958-485c-bbbc-93b1cdee6894', '367112cc-f954-409c-b549-2cdc4860b884'}
INFO 2025-11-19 11:46:13,076 serializers 8808 13504 UPDATE: Deleted 2 questions
ERROR 2025-11-19 11:46:13,078 serializers 8808 13504 Trigger question 367112cc-f954-409c-b549-2cdc4860b884 not found in survey 53a749b6-2473-45c3-bdeb-cc3027ff5434
INFO 2025-11-19 11:46:13,078 serializers 8808 13504 Survey updated: 53a749b6-2473-45c3-bdeb-cc3027ff5434 with 2 questions
INFO 2025-11-19 11:46:13,080 views 8808 13504 Survey 53a749b6-2473-45c3-bdeb-cc3027ff5434 updated by seif778811@gmail.com (role: super_admin)
INFO 2025-11-19 11:46:14,786 dual_auth 8808 17720 User seif778811@gmail.com authenticated with regular JWT (universal)
INFO 2025-11-19 11:46:14,787 dual_auth 8808 13504 User seif778811@gmail.com authenticated with regular JWT (universal)
INFO 2025-11-19 11:46:17,016 dual_auth 8808 13504 User seif778811@gmail.com authenticated with regular JWT (universal)
INFO 2025-11-19 11:46:17,021 views 8808 13504 Successfully retrieved survey 53a749b6-2473-45c3-bdeb-cc3027ff5434: test 2
INFO 2025-11-19 11:46:17,022 views 8808 13504 Successfully serialized survey 53a749b6-2473-45c3-bdeb-cc3027ff5434
INFO 2025-11-19 11:51:53,486 dual_auth 17164 21896 User seif778811@gmail.com authenticated with regular JWT (universal)
INFO 2025-11-19 11:51:53,515 serializers 17164 21896 UPDATE: questions_data is None: False, len=2
INFO 2025-11-19 11:51:53,516 serializers 17164 21896 UPDATE: First question sample: {'text': 'q1', 'question_type': 'yes_no', 'is_required': False, 'order': 1, 'validation_type': 'none', 'NPS_Calculate': False, 'CSAT_Calculate': False, 'min_scale': 0, 'max_scale': 5, 'set_conditional_on': []}
INFO 2025-11-19 11:51:53,517 models 17164 21896 Survey.save() - per_device_access before check: False (type: <class 'bool'>)
INFO 2025-11-19 11:51:53,517 models 17164 21896 Survey.save() - per_device_access final value: False
INFO 2025-11-19 11:51:53,526 serializers 17164 21896 UPDATE: Processing question - temp_id=None, question_id=None, set_conditional_on=[], data keys=['text', 'question_type', 'is_required', 'order', 'validation_type', 'NPS_Calculate', 'CSAT_Calculate', 'min_scale', 'max_scale']
INFO 2025-11-19 11:51:53,526 serializers 17164 21896 UPDATE: Creating new question from temp ID or no ID
INFO 2025-11-19 11:51:53,534 serializers 17164 21896 UPDATE: Created new question 51e4a315-a2ba-4e6b-8b56-99fa67e163ca (temp_id was None)
INFO 2025-11-19 11:51:53,535 serializers 17164 21896 UPDATE: Processing question - temp_id=None, question_id=None, set_conditional_on=[{'trigger_question_id': '85692150-ea42-42bc-849c-eb2aae40158c', 'trigger_answer_value': 'نعم'}], data keys=['text', 'question_type', 'is_required', 'order', 'validation_type', 'NPS_Calculate', 'CSAT_Calculate', 'min_scale', 'max_scale']
INFO 2025-11-19 11:51:53,536 serializers 17164 21896 UPDATE: Creating new question from temp ID or no ID
INFO 2025-11-19 11:51:53,542 serializers 17164 21896 UPDATE: Created new question dd87357d-a03b-41c9-8b82-ea214fa4f791 (temp_id was None)
INFO 2025-11-19 11:51:53,545 serializers 17164 21896 UPDATE: Existing question IDs: {'b71daa7d-9989-4135-ab37-1d809a57a666', 'dd87357d-a03b-41c9-8b82-ea214fa4f791', '51e4a315-a2ba-4e6b-8b56-99fa67e163ca', '85692150-ea42-42bc-849c-eb2aae40158c'}
INFO 2025-11-19 11:51:53,545 serializers 17164 21896 UPDATE: Provided question IDs: {'dd87357d-a03b-41c9-8b82-ea214fa4f791', '51e4a315-a2ba-4e6b-8b56-99fa67e163ca'}
INFO 2025-11-19 11:51:53,546 serializers 17164 21896 UPDATE: Questions to delete: {'b71daa7d-9989-4135-ab37-1d809a57a666', '85692150-ea42-42bc-849c-eb2aae40158c'}
INFO 2025-11-19 11:51:53,558 serializers 17164 21896 UPDATE: Deleted 2 questions
ERROR 2025-11-19 11:51:53,560 serializers 17164 21896 Trigger question 85692150-ea42-42bc-849c-eb2aae40158c not found in survey 53a749b6-2473-45c3-bdeb-cc3027ff5434
INFO 2025-11-19 11:51:53,561 serializers 17164 21896 Survey updated: 53a749b6-2473-45c3-bdeb-cc3027ff5434 with 2 questions
INFO 2025-11-19 11:51:53,562 views 17164 21896 Survey 53a749b6-2473-45c3-bdeb-cc3027ff5434 updated by seif778811@gmail.com (role: super_admin)
INFO 2025-11-19 11:57:03,926 dual_auth 24660 21716 User seif778811@gmail.com authenticated with regular JWT (universal)
INFO 2025-11-19 11:57:03,929 dual_auth 24660 12816 User seif778811@gmail.com authenticated with regular JWT (universal)
INFO 2025-11-19 11:57:05,971 dual_auth 24660 12816 User seif778811@gmail.com authenticated with regular JWT (universal)
INFO 2025-11-19 11:57:05,974 views 24660 12816 Successfully retrieved survey 53a749b6-2473-45c3-bdeb-cc3027ff5434: test 2
INFO 2025-11-19 11:57:05,974 views 24660 12816 Successfully serialized survey 53a749b6-2473-45c3-bdeb-cc3027ff5434
INFO 2025-11-19 11:57:17,955 dual_auth 24660 12816 User seif778811@gmail.com authenticated with regular JWT (universal)
INFO 2025-11-19 11:57:17,984 serializers 24660 12816 SurveySerializer: Restored question ID 51e4a315-a2ba-4e6b-8b56-99fa67e163ca at index 0
INFO 2025-11-19 11:57:17,984 serializers 24660 12816 SurveySerializer: Restored question ID dd87357d-a03b-41c9-8b82-ea214fa4f791 at index 1
INFO 2025-11-19 11:57:17,985 serializers 24660 12816 UPDATE: questions_data is None: False, len=2
INFO 2025-11-19 11:57:17,985 serializers 24660 12816 UPDATE: First question sample: {'text': 'q1', 'question_type': 'yes_no', 'is_required': False, 'order': 1, 'validation_type': 'none', 'NPS_Calculate': False, 'CSAT_Calculate': False, 'min_scale': 0, 'max_scale': 5, 'set_conditional_on': [], 'id': '51e4a315-a2ba-4e6b-8b56-99fa67e163ca'}
INFO 2025-11-19 11:57:17,986 models 24660 12816 Survey.save() - per_device_access before check: False (type: <class 'bool'>)
INFO 2025-11-19 11:57:17,987 models 24660 12816 Survey.save() - per_device_access final value: False
INFO 2025-11-19 11:57:17,994 serializers 24660 12816 UPDATE: Processing question - temp_id=None, question_id=51e4a315-a2ba-4e6b-8b56-99fa67e163ca, set_conditional_on=[], data keys=['text', 'question_type', 'is_required', 'order', 'validation_type', 'NPS_Calculate', 'CSAT_Calculate', 'min_scale', 'max_scale']
INFO 2025-11-19 11:57:17,995 serializers 24660 12816 UPDATE: Attempting to find existing question with id=51e4a315-a2ba-4e6b-8b56-99fa67e163ca (type=str) in survey 53a749b6-2473-45c3-bdeb-cc3027ff5434
INFO 2025-11-19 11:57:17,996 serializers 24660 12816 UPDATE: Found existing question 51e4a315-a2ba-4e6b-8b56-99fa67e163ca, updating fields
INFO 2025-11-19 11:57:18,003 serializers 24660 12816 UPDATE: Updated existing question 51e4a315-a2ba-4e6b-8b56-99fa67e163ca
INFO 2025-11-19 11:57:18,008 serializers 24660 12816 UPDATE: Deleted old conditions for question 51e4a315-a2ba-4e6b-8b56-99fa67e163ca (will recreate)
INFO 2025-11-19 11:57:18,008 serializers 24660 12816 UPDATE: Processing question - temp_id=None, question_id=dd87357d-a03b-41c9-8b82-ea214fa4f791, set_conditional_on=[{'trigger_question_id': '51e4a315-a2ba-4e6b-8b56-99fa67e163ca', 'trigger_answer_value': 'نعم'}], data keys=['text', 'question_type', 'is_required', 'order', 'validation_type', 'NPS_Calculate', 'CSAT_Calculate', 'min_scale', 'max_scale']
INFO 2025-11-19 11:57:18,009 serializers 24660 12816 UPDATE: Attempting to find existing question with id=dd87357d-a03b-41c9-8b82-ea214fa4f791 (type=str) in survey 53a749b6-2473-45c3-bdeb-cc3027ff5434
INFO 2025-11-19 11:57:18,010 serializers 24660 12816 UPDATE: Found existing question dd87357d-a03b-41c9-8b82-ea214fa4f791, updating fields
INFO 2025-11-19 11:57:18,018 serializers 24660 12816 UPDATE: Updated existing question dd87357d-a03b-41c9-8b82-ea214fa4f791
INFO 2025-11-19 11:57:18,020 serializers 24660 12816 UPDATE: Deleted old conditions for question dd87357d-a03b-41c9-8b82-ea214fa4f791 (will recreate)
INFO 2025-11-19 11:57:18,022 serializers 24660 12816 UPDATE: Existing question IDs: {'51e4a315-a2ba-4e6b-8b56-99fa67e163ca', 'dd87357d-a03b-41c9-8b82-ea214fa4f791'}
INFO 2025-11-19 11:57:18,022 serializers 24660 12816 UPDATE: Provided question IDs: {'51e4a315-a2ba-4e6b-8b56-99fa67e163ca', 'dd87357d-a03b-41c9-8b82-ea214fa4f791'}
INFO 2025-11-19 11:57:18,022 serializers 24660 12816 UPDATE: Questions to delete: set()
INFO 2025-11-19 11:57:18,030 serializers 24660 12816 Created conditional logic: Q1 = 'نعم' -> Q2
INFO 2025-11-19 11:57:18,031 serializers 24660 12816 Survey updated: 53a749b6-2473-45c3-bdeb-cc3027ff5434 with 2 questions
INFO 2025-11-19 11:57:18,032 views 24660 12816 Survey 53a749b6-2473-45c3-bdeb-cc3027ff5434 updated by seif778811@gmail.com (role: super_admin)
INFO 2025-11-19 11:57:28,360 dual_auth 24660 12816 User seif778811@gmail.com authenticated with regular JWT (universal)
INFO 2025-11-19 11:57:28,361 dual_auth 24660 21716 User seif778811@gmail.com authenticated with regular JWT (universal)
INFO 2025-11-19 11:57:30,142 dual_auth 24660 21716 User seif778811@gmail.com authenticated with regular JWT (universal)
INFO 2025-11-19 11:57:30,145 views 24660 21716 Successfully retrieved survey 53a749b6-2473-45c3-bdeb-cc3027ff5434: test 2
INFO 2025-11-19 11:57:30,146 views 24660 21716 Successfully serialized survey 53a749b6-2473-45c3-bdeb-cc3027ff5434
INFO 2025-11-19 11:57:56,491 dual_auth 25156 14512 User seif778811@gmail.com authenticated with regular JWT (universal)
INFO 2025-11-19 11:57:56,515 serializers 25156 14512 SurveySerializer: Restored question ID 51e4a315-a2ba-4e6b-8b56-99fa67e163ca at index 0
INFO 2025-11-19 11:57:56,516 serializers 25156 14512 SurveySerializer: Restored question ID dd87357d-a03b-41c9-8b82-ea214fa4f791 at index 1
INFO 2025-11-19 11:57:56,516 serializers 25156 14512 UPDATE: questions_data is None: False, len=3
INFO 2025-11-19 11:57:56,517 serializers 25156 14512 UPDATE: First question sample: {'text': 'q1', 'question_type': 'yes_no', 'is_required': False, 'order': 1, 'validation_type': 'none', 'NPS_Calculate': False, 'CSAT_Calculate': False, 'min_scale': 0, 'max_scale': 5, 'set_conditional_on': [], 'id': '51e4a315-a2ba-4e6b-8b56-99fa67e163ca'}
INFO 2025-11-19 11:57:56,518 models 25156 14512 Survey.save() - per_device_access before check: False (type: <class 'bool'>)
INFO 2025-11-19 11:57:56,518 models 25156 14512 Survey.save() - per_device_access final value: False
INFO 2025-11-19 11:57:56,545 serializers 25156 14512 UPDATE: Processing question - temp_id=None, question_id=51e4a315-a2ba-4e6b-8b56-99fa67e163ca, set_conditional_on=[], data keys=['text', 'question_type', 'is_required', 'order', 'validation_type', 'NPS_Calculate', 'CSAT_Calculate', 'min_scale', 'max_scale']
INFO 2025-11-19 11:57:56,545 serializers 25156 14512 UPDATE: Attempting to find existing question with id=51e4a315-a2ba-4e6b-8b56-99fa67e163ca (type=str) in survey 53a749b6-2473-45c3-bdeb-cc3027ff5434
INFO 2025-11-19 11:57:56,547 serializers 25156 14512 UPDATE: Found existing question 51e4a315-a2ba-4e6b-8b56-99fa67e163ca, updating fields
INFO 2025-11-19 11:57:56,554 serializers 25156 14512 UPDATE: Updated existing question 51e4a315-a2ba-4e6b-8b56-99fa67e163ca
INFO 2025-11-19 11:57:56,556 serializers 25156 14512 UPDATE: Deleted old conditions for question 51e4a315-a2ba-4e6b-8b56-99fa67e163ca (will recreate)
INFO 2025-11-19 11:57:56,556 serializers 25156 14512 UPDATE: Processing question - temp_id=None, question_id=dd87357d-a03b-41c9-8b82-ea214fa4f791, set_conditional_on=[{'trigger_question_id': '51e4a315-a2ba-4e6b-8b56-99fa67e163ca', 'trigger_answer_value': 'نعم'}], data keys=['text', 'question_type', 'is_required', 'order', 'validation_type', 'NPS_Calculate', 'CSAT_Calculate', 'min_scale', 'max_scale']
INFO 2025-11-19 11:57:56,556 serializers 25156 14512 UPDATE: Attempting to find existing question with id=dd87357d-a03b-41c9-8b82-ea214fa4f791 (type=str) in survey 53a749b6-2473-45c3-bdeb-cc3027ff5434
INFO 2025-11-19 11:57:56,558 serializers 25156 14512 UPDATE: Found existing question dd87357d-a03b-41c9-8b82-ea214fa4f791, updating fields
INFO 2025-11-19 11:57:56,566 serializers 25156 14512 UPDATE: Updated existing question dd87357d-a03b-41c9-8b82-ea214fa4f791
INFO 2025-11-19 11:57:56,574 serializers 25156 14512 UPDATE: Deleted old conditions for question dd87357d-a03b-41c9-8b82-ea214fa4f791 (will recreate)
INFO 2025-11-19 11:57:56,574 serializers 25156 14512 UPDATE: Processing question - temp_id=temp-1763546258506, question_id=None, set_conditional_on=[{'trigger_question_id': '51e4a315-a2ba-4e6b-8b56-99fa67e163ca', 'trigger_answer_value': 'لا'}], data keys=['text', 'question_type', 'is_required', 'order', 'validation_type', 'NPS_Calculate', 'CSAT_Calculate', 'min_scale', 'max_scale']
INFO 2025-11-19 11:57:56,575 serializers 25156 14512 UPDATE: Creating new question from temp ID or no ID
INFO 2025-11-19 11:57:56,582 serializers 25156 14512 UPDATE: Created new question bf1edd2d-d167-4b2c-b0f1-d1eca4cc17aa (temp_id was temp-1763546258506)
INFO 2025-11-19 11:57:56,583 serializers 25156 14512 Mapped temp ID 'temp-1763546258506' to question bf1edd2d-d167-4b2c-b0f1-d1eca4cc17aa (order 3)
INFO 2025-11-19 11:57:56,586 serializers 25156 14512 UPDATE: Existing question IDs: {'dd87357d-a03b-41c9-8b82-ea214fa4f791', 'bf1edd2d-d167-4b2c-b0f1-d1eca4cc17aa', '51e4a315-a2ba-4e6b-8b56-99fa67e163ca'}
INFO 2025-11-19 11:57:56,586 serializers 25156 14512 UPDATE: Provided question IDs: {'dd87357d-a03b-41c9-8b82-ea214fa4f791', 'bf1edd2d-d167-4b2c-b0f1-d1eca4cc17aa', '51e4a315-a2ba-4e6b-8b56-99fa67e163ca'}
INFO 2025-11-19 11:57:56,586 serializers 25156 14512 UPDATE: Questions to delete: set()
INFO 2025-11-19 11:57:56,599 serializers 25156 14512 Created conditional logic: Q1 = 'نعم' -> Q2
INFO 2025-11-19 11:57:56,608 serializers 25156 14512 Created conditional logic: Q1 = 'لا' -> Q3
INFO 2025-11-19 11:57:56,608 serializers 25156 14512 Survey updated: 53a749b6-2473-45c3-bdeb-cc3027ff5434 with 3 questions
INFO 2025-11-19 11:57:56,609 views 25156 14512 Survey 53a749b6-2473-45c3-bdeb-cc3027ff5434 updated by seif778811@gmail.com (role: super_admin)
INFO 2025-11-19 11:57:57,586 dual_auth 25156 14512 User seif778811@gmail.com authenticated with regular JWT (universal)
INFO 2025-11-19 11:57:57,587 dual_auth 25156 22828 User seif778811@gmail.com authenticated with regular JWT (universal)
INFO 2025-11-19 11:57:59,371 dual_auth 25156 14512 User seif778811@gmail.com authenticated with regular JWT (universal)
INFO 2025-11-19 11:57:59,375 views 25156 14512 Successfully retrieved survey 53a749b6-2473-45c3-bdeb-cc3027ff5434: test 2
INFO 2025-11-19 11:57:59,376 views 25156 14512 Successfully serialized survey 53a749b6-2473-45c3-bdeb-cc3027ff5434
INFO 2025-11-19 11:58:02,514 dual_auth 25156 14512 User seif778811@gmail.com authenticated with regular JWT (universal)
INFO 2025-11-19 11:58:02,524 serializers 25156 14512 SurveySerializer: Restored question ID 51e4a315-a2ba-4e6b-8b56-99fa67e163ca at index 0
INFO 2025-11-19 11:58:02,524 serializers 25156 14512 SurveySerializer: Restored question ID dd87357d-a03b-41c9-8b82-ea214fa4f791 at index 1
INFO 2025-11-19 11:58:02,524 serializers 25156 14512 SurveySerializer: Restored question ID bf1edd2d-d167-4b2c-b0f1-d1eca4cc17aa at index 2
INFO 2025-11-19 11:58:02,525 serializers 25156 14512 UPDATE: questions_data is None: False, len=3
INFO 2025-11-19 11:58:02,525 serializers 25156 14512 UPDATE: First question sample: {'text': 'q1', 'question_type': 'yes_no', 'is_required': False, 'order': 1, 'validation_type': 'none', 'NPS_Calculate': False, 'CSAT_Calculate': False, 'min_scale': 0, 'max_scale': 5, 'set_conditional_on': [], 'id': '51e4a315-a2ba-4e6b-8b56-99fa67e163ca'}
INFO 2025-11-19 11:58:02,526 models 25156 14512 Survey.save() - per_device_access before check: False (type: <class 'bool'>)
INFO 2025-11-19 11:58:02,526 models 25156 14512 Survey.save() - per_device_access final value: False
INFO 2025-11-19 11:58:02,550 serializers 25156 14512 UPDATE: Processing question - temp_id=None, question_id=51e4a315-a2ba-4e6b-8b56-99fa67e163ca, set_conditional_on=[], data keys=['text', 'question_type', 'is_required', 'order', 'validation_type', 'NPS_Calculate', 'CSAT_Calculate', 'min_scale', 'max_scale']
INFO 2025-11-19 11:58:02,551 serializers 25156 14512 UPDATE: Attempting to find existing question with id=51e4a315-a2ba-4e6b-8b56-99fa67e163ca (type=str) in survey 53a749b6-2473-45c3-bdeb-cc3027ff5434
INFO 2025-11-19 11:58:02,553 serializers 25156 14512 UPDATE: Found existing question 51e4a315-a2ba-4e6b-8b56-99fa67e163ca, updating fields
INFO 2025-11-19 11:58:02,559 serializers 25156 14512 UPDATE: Updated existing question 51e4a315-a2ba-4e6b-8b56-99fa67e163ca
INFO 2025-11-19 11:58:02,561 serializers 25156 14512 UPDATE: Deleted old conditions for question 51e4a315-a2ba-4e6b-8b56-99fa67e163ca (will recreate)
INFO 2025-11-19 11:58:02,561 serializers 25156 14512 UPDATE: Processing question - temp_id=None, question_id=dd87357d-a03b-41c9-8b82-ea214fa4f791, set_conditional_on=[{'trigger_question_id': '51e4a315-a2ba-4e6b-8b56-99fa67e163ca', 'trigger_answer_value': 'نعم'}], data keys=['text', 'question_type', 'is_required', 'order', 'validation_type', 'NPS_Calculate', 'CSAT_Calculate', 'min_scale', 'max_scale']
INFO 2025-11-19 11:58:02,562 serializers 25156 14512 UPDATE: Attempting to find existing question with id=dd87357d-a03b-41c9-8b82-ea214fa4f791 (type=str) in survey 53a749b6-2473-45c3-bdeb-cc3027ff5434
INFO 2025-11-19 11:58:02,563 serializers 25156 14512 UPDATE: Found existing question dd87357d-a03b-41c9-8b82-ea214fa4f791, updating fields
INFO 2025-11-19 11:58:02,569 serializers 25156 14512 UPDATE: Updated existing question dd87357d-a03b-41c9-8b82-ea214fa4f791
INFO 2025-11-19 11:58:02,577 serializers 25156 14512 UPDATE: Deleted old conditions for question dd87357d-a03b-41c9-8b82-ea214fa4f791 (will recreate)
INFO 2025-11-19 11:58:02,578 serializers 25156 14512 UPDATE: Processing question - temp_id=None, question_id=bf1edd2d-d167-4b2c-b0f1-d1eca4cc17aa, set_conditional_on=[{'trigger_question_id': '51e4a315-a2ba-4e6b-8b56-99fa67e163ca', 'trigger_answer_value': 'لا'}], data keys=['text', 'question_type', 'is_required', 'order', 'validation_type', 'NPS_Calculate', 'CSAT_Calculate', 'min_scale', 'max_scale']
INFO 2025-11-19 11:58:02,578 serializers 25156 14512 UPDATE: Attempting to find existing question with id=bf1edd2d-d167-4b2c-b0f1-d1eca4cc17aa (type=str) in survey 53a749b6-2473-45c3-bdeb-cc3027ff5434
INFO 2025-11-19 11:58:02,580 serializers 25156 14512 UPDATE: Found existing question bf1edd2d-d167-4b2c-b0f1-d1eca4cc17aa, updating fields
INFO 2025-11-19 11:58:02,587 serializers 25156 14512 UPDATE: Updated existing question bf1edd2d-d167-4b2c-b0f1-d1eca4cc17aa
INFO 2025-11-19 11:58:02,596 serializers 25156 14512 UPDATE: Deleted old conditions for question bf1edd2d-d167-4b2c-b0f1-d1eca4cc17aa (will recreate)
INFO 2025-11-19 11:58:02,598 serializers 25156 14512 UPDATE: Existing question IDs: {'dd87357d-a03b-41c9-8b82-ea214fa4f791', 'bf1edd2d-d167-4b2c-b0f1-d1eca4cc17aa', '51e4a315-a2ba-4e6b-8b56-99fa67e163ca'}
INFO 2025-11-19 11:58:02,599 serializers 25156 14512 UPDATE: Provided question IDs: {'dd87357d-a03b-41c9-8b82-ea214fa4f791', 'bf1edd2d-d167-4b2c-b0f1-d1eca4cc17aa', '51e4a315-a2ba-4e6b-8b56-99fa67e163ca'}
INFO 2025-11-19 11:58:02,599 serializers 25156 14512 UPDATE: Questions to delete: set()
INFO 2025-11-19 11:58:02,611 serializers 25156 14512 Created conditional logic: Q1 = 'نعم' -> Q2
INFO 2025-11-19 11:58:02,618 serializers 25156 14512 Created conditional logic: Q1 = 'لا' -> Q3
INFO 2025-11-19 11:58:02,618 serializers 25156 14512 Survey updated: 53a749b6-2473-45c3-bdeb-cc3027ff5434 with 3 questions
INFO 2025-11-19 11:58:02,620 views 25156 14512 Survey 53a749b6-2473-45c3-bdeb-cc3027ff5434 updated by seif778811@gmail.com (role: super_admin)
INFO 2025-11-19 11:58:02,662 dual_auth 25156 14512 User seif778811@gmail.com authenticated with regular JWT (universal)
INFO 2025-11-19 11:58:02,667 dual_auth 25156 22828 User seif778811@gmail.com authenticated with regular JWT (universal)
INFO 2025-11-19 11:58:02,674 views 25156 14512 Successfully retrieved survey 53a749b6-2473-45c3-bdeb-cc3027ff5434: test 2
INFO 2025-11-19 11:58:02,674 views 25156 14512 Successfully serialized survey 53a749b6-2473-45c3-bdeb-cc3027ff5434
INFO 2025-11-19 11:58:02,679 dual_auth 25156 24720 User seif778811@gmail.com authenticated with regular JWT (universal)
INFO 2025-11-19 11:58:06,886 dual_auth 25156 22828 User seif778811@gmail.com authenticated with regular JWT (universal)
INFO 2025-11-19 11:58:06,892 serializers 25156 22828 UPDATE: questions_data is None: True, len=0
INFO 2025-11-19 11:58:06,892 models 25156 22828 Survey.save() - per_device_access before check: True (type: <class 'bool'>)
INFO 2025-11-19 11:58:06,893 models 25156 22828 Survey.save() - per_device_access final value: True
INFO 2025-11-19 11:58:06,911 serializers 25156 22828 Survey updated: 53a749b6-2473-45c3-bdeb-cc3027ff5434 with 0 questions
INFO 2025-11-19 11:58:06,913 views 25156 22828 Survey 53a749b6-2473-45c3-bdeb-cc3027ff5434 visibility changed to PUBLIC from AUTH. Existing tokens remain active.
INFO 2025-11-19 11:58:06,913 views 25156 22828 Survey 53a749b6-2473-45c3-bdeb-cc3027ff5434 updated by seif778811@gmail.com (role: super_admin)
INFO 2025-11-19 11:58:06,940 dual_auth 25156 22828 User seif778811@gmail.com authenticated with regular JWT (universal)
INFO 2025-11-19 11:58:06,941 models 25156 22828 Survey.save() - per_device_access before check: True (type: <class 'bool'>)
INFO 2025-11-19 11:58:06,941 models 25156 22828 Survey.save() - per_device_access final value: True
INFO 2025-11-19 11:58:06,947 signals 25156 22828 Survey 53a749b6-2473-45c3-bdeb-cc3027ff5434 was published, sending availability notifications
INFO 2025-11-19 11:58:06,948 views 25156 22828 Skipped sending survey availability notifications for survey 53a749b6-2473-45c3-bdeb-cc3027ff5434 as send_notifications was not requested
INFO 2025-11-19 11:58:06,980 dual_auth 25156 22828 User seif778811@gmail.com authenticated with regular JWT (universal)
INFO 2025-11-19 11:58:09,527 dual_auth 25156 22828 User seif778811@gmail.com authenticated with regular JWT (universal)
INFO 2025-11-19 11:58:09,549 views 25156 22828 Auto-generated public link for survey 53a749b6-2473-45c3-bdeb-cc3027ff5434 via current-link endpoint by seif778811@gmail.com
INFO 2025-11-19 11:58:09,558 dual_auth 25156 22828 User seif778811@gmail.com authenticated with regular JWT (universal)
INFO 2025-11-19 11:58:09,563 views 25156 22828 Current link retrieved for survey 53a749b6-2473-45c3-bdeb-cc3027ff5434 by seif778811@gmail.com
INFO 2025-11-19 12:06:24,899 signals 25156 24692 Sent survey completed notification to seif778811@gmail.com for response 73a8613a-bd16-4dea-bc6f-1e20f7ca299f to survey 53a749b6-2473-45c3-bdeb-cc3027ff5434
INFO 2025-11-19 12:06:24,929 views 25156 24692 Survey response submitted: 73a8613a-bd16-4dea-bc6f-1e20f7ca299f for survey 53a749b6-2473-45c3-bdeb-cc3027ff5434 by email None
INFO 2025-11-19 12:08:29,703 dual_auth 25156 24692 User seif778811@gmail.com authenticated with regular JWT (universal)
INFO 2025-11-19 12:08:29,708 serializers 25156 24692 Serializer create - per_device_access: False
INFO 2025-11-19 12:08:29,709 serializers 25156 24692 Serializer create - all validated_data keys: ['title', 'description', 'visibility', 'is_active', 'start_date', 'end_date', 'per_device_access', 'questions', 'status', 'creator']
INFO 2025-11-19 12:08:29,709 serializers 25156 24692 About to create survey with data: {'title': 'test', 'description': '', 'visibility': 'AUTH', 'is_active': True, 'start_date': None, 'end_date': None, 'per_device_access': False, 'status': 'draft', 'creator': <User: seif778811@gmail.com (super_admin)>}
INFO 2025-11-19 12:08:29,709 models 25156 24692 Survey.save() - per_device_access before check: False (type: <class 'bool'>)
INFO 2025-11-19 12:08:29,711 models 25156 24692 Survey.save() - per_device_access final value: False
INFO 2025-11-19 12:08:29,739 serializers 25156 24692 Mapped temp ID 'temp-1763546872616' to question 1d6d31af-7a8c-4cbd-9b25-061adddf4975 (order 1)
INFO 2025-11-19 12:08:29,746 serializers 25156 24692 Mapped temp ID 'temp-1763546824737' to question 788b920f-4d98-4997-a483-6932073d91b2 (order 2)
INFO 2025-11-19 12:08:29,746 serializers 25156 24692 Resolved temp ID 'temp-1763546872616' to question 1d6d31af-7a8c-4cbd-9b25-061adddf4975
INFO 2025-11-19 12:08:29,755 serializers 25156 24692 Created conditional logic: Q1 = 'خيار 1' -> Q2
INFO 2025-11-19 12:08:29,755 serializers 25156 24692 Survey created: ec98979c-cece-4345-af14-268d0204f314 with 2 questions by seif778811@gmail.com
INFO 2025-11-19 12:08:32,520 dual_auth 25156 24692 User seif778811@gmail.com authenticated with regular JWT (universal)
INFO 2025-11-19 12:08:32,524 dual_auth 25156 19544 User seif778811@gmail.com authenticated with regular JWT (universal)
INFO 2025-11-19 12:08:34,690 dual_auth 25156 19544 User seif778811@gmail.com authenticated with regular JWT (universal)
INFO 2025-11-19 12:08:34,694 views 25156 19544 Successfully retrieved survey ec98979c-cece-4345-af14-268d0204f314: test
INFO 2025-11-19 12:08:34,695 views 25156 19544 Successfully serialized survey ec98979c-cece-4345-af14-268d0204f314
INFO 2025-11-19 12:08:38,453 dual_auth 25156 19544 User seif778811@gmail.com authenticated with regular JWT (universal)
INFO 2025-11-19 12:08:38,462 serializers 25156 19544 SurveySerializer: Restored question ID 1d6d31af-7a8c-4cbd-9b25-061adddf4975 at index 0
INFO 2025-11-19 12:08:38,463 serializers 25156 19544 SurveySerializer: Restored question ID 788b920f-4d98-4997-a483-6932073d91b2 at index 1
INFO 2025-11-19 12:08:38,463 serializers 25156 19544 UPDATE: questions_data is None: False, len=2
INFO 2025-11-19 12:08:38,463 serializers 25156 19544 UPDATE: First question sample: {'text': 'q1', 'question_type': 'single_choice', 'options': '["\\u062e\\u064a\\u0627\\u0631 1", "\\u062e\\u064a\\u0627\\u0631 2", "\\u062e\\u064a\\u0627\\u0631 3"]', 'is_required': False, 'order': 1, 'validation_type': 'none', 'NPS_Calculate': False, 'CSAT_Calculate': False, 'min_scale': 0, 'max_scale': 5, 'set_conditional_on': [], 'id': '1d6d31af-7a8c-4cbd-9b25-061adddf4975'}
INFO 2025-11-19 12:08:38,464 models 25156 19544 Survey.save() - per_device_access before check: False (type: <class 'bool'>)
INFO 2025-11-19 12:08:38,464 models 25156 19544 Survey.save() - per_device_access final value: False
INFO 2025-11-19 12:08:38,474 serializers 25156 19544 UPDATE: Processing question - temp_id=None, question_id=1d6d31af-7a8c-4cbd-9b25-061adddf4975, set_conditional_on=[], data keys=['text', 'question_type', 'options', 'is_required', 'order', 'validation_type', 'NPS_Calculate', 'CSAT_Calculate', 'min_scale', 'max_scale']
INFO 2025-11-19 12:08:38,475 serializers 25156 19544 UPDATE: Attempting to find existing question with id=1d6d31af-7a8c-4cbd-9b25-061adddf4975 (type=str) in survey ec98979c-cece-4345-af14-268d0204f314
INFO 2025-11-19 12:08:38,476 serializers 25156 19544 UPDATE: Found existing question 1d6d31af-7a8c-4cbd-9b25-061adddf4975, updating fields
INFO 2025-11-19 12:08:38,486 serializers 25156 19544 UPDATE: Updated existing question 1d6d31af-7a8c-4cbd-9b25-061adddf4975
INFO 2025-11-19 12:08:38,487 serializers 25156 19544 UPDATE: Deleted old conditions for question 1d6d31af-7a8c-4cbd-9b25-061adddf4975 (will recreate)
INFO 2025-11-19 12:08:38,487 serializers 25156 19544 UPDATE: Processing question - temp_id=None, question_id=788b920f-4d98-4997-a483-6932073d91b2, set_conditional_on=[{'trigger_question_id': '1d6d31af-7a8c-4cbd-9b25-061adddf4975', 'trigger_answer_value': 'خيار 1'}], data keys=['text', 'question_type', 'is_required', 'order', 'validation_type', 'NPS_Calculate', 'CSAT_Calculate', 'min_scale', 'max_scale']
INFO 2025-11-19 12:08:38,487 serializers 25156 19544 UPDATE: Attempting to find existing question with id=788b920f-4d98-4997-a483-6932073d91b2 (type=str) in survey ec98979c-cece-4345-af14-268d0204f314
INFO 2025-11-19 12:08:38,488 serializers 25156 19544 UPDATE: Found existing question 788b920f-4d98-4997-a483-6932073d91b2, updating fields
INFO 2025-11-19 12:08:38,494 serializers 25156 19544 UPDATE: Updated existing question 788b920f-4d98-4997-a483-6932073d91b2
INFO 2025-11-19 12:08:38,500 serializers 25156 19544 UPDATE: Deleted old conditions for question 788b920f-4d98-4997-a483-6932073d91b2 (will recreate)
INFO 2025-11-19 12:08:38,502 serializers 25156 19544 UPDATE: Existing question IDs: {'788b920f-4d98-4997-a483-6932073d91b2', '1d6d31af-7a8c-4cbd-9b25-061adddf4975'}
INFO 2025-11-19 12:08:38,502 serializers 25156 19544 UPDATE: Provided question IDs: {'788b920f-4d98-4997-a483-6932073d91b2', '1d6d31af-7a8c-4cbd-9b25-061adddf4975'}
INFO 2025-11-19 12:08:38,502 serializers 25156 19544 UPDATE: Questions to delete: set()
INFO 2025-11-19 12:08:38,510 serializers 25156 19544 Created conditional logic: Q1 = 'خيار 1' -> Q2
INFO 2025-11-19 12:08:38,511 serializers 25156 19544 Survey updated: ec98979c-cece-4345-af14-268d0204f314 with 2 questions
INFO 2025-11-19 12:08:38,512 views 25156 19544 Survey ec98979c-cece-4345-af14-268d0204f314 updated by seif778811@gmail.com (role: super_admin)
INFO 2025-11-19 12:08:38,558 dual_auth 25156 19544 User seif778811@gmail.com authenticated with regular JWT (universal)
INFO 2025-11-19 12:08:38,562 views 25156 19544 Successfully retrieved survey ec98979c-cece-4345-af14-268d0204f314: test
INFO 2025-11-19 12:08:38,562 dual_auth 25156 24692 User seif778811@gmail.com authenticated with regular JWT (universal)
INFO 2025-11-19 12:08:38,563 views 25156 19544 Successfully serialized survey ec98979c-cece-4345-af14-268d0204f314
INFO 2025-11-19 12:08:38,566 dual_auth 25156 20844 User seif778811@gmail.com authenticated with regular JWT (universal)
INFO 2025-11-19 12:08:43,406 dual_auth 25156 24692 User seif778811@gmail.com authenticated with regular JWT (universal)
INFO 2025-11-19 12:08:43,410 serializers 25156 24692 UPDATE: questions_data is None: True, len=0
INFO 2025-11-19 12:08:43,410 models 25156 24692 Survey.save() - per_device_access before check: True (type: <class 'bool'>)
INFO 2025-11-19 12:08:43,411 models 25156 24692 Survey.save() - per_device_access final value: True
INFO 2025-11-19 12:08:43,419 serializers 25156 24692 Survey updated: ec98979c-cece-4345-af14-268d0204f314 with 0 questions
INFO 2025-11-19 12:08:43,421 views 25156 24692 Survey ec98979c-cece-4345-af14-268d0204f314 visibility changed to PUBLIC from AUTH. Existing tokens remain active.
INFO 2025-11-19 12:08:43,421 views 25156 24692 Survey ec98979c-cece-4345-af14-268d0204f314 updated by seif778811@gmail.com (role: super_admin)
INFO 2025-11-19 12:08:43,443 dual_auth 25156 24692 User seif778811@gmail.com authenticated with regular JWT (universal)
INFO 2025-11-19 12:08:43,445 models 25156 24692 Survey.save() - per_device_access before check: True (type: <class 'bool'>)
INFO 2025-11-19 12:08:43,445 models 25156 24692 Survey.save() - per_device_access final value: True
INFO 2025-11-19 12:08:43,452 signals 25156 24692 Survey ec98979c-cece-4345-af14-268d0204f314 was published, sending availability notifications
INFO 2025-11-19 12:08:43,452 views 25156 24692 Skipped sending survey availability notifications for survey ec98979c-cece-4345-af14-268d0204f314 as send_notifications was not requested
INFO 2025-11-19 12:08:43,489 dual_auth 25156 24692 User seif778811@gmail.com authenticated with regular JWT (universal)
INFO 2025-11-19 12:08:45,922 dual_auth 25156 24692 User seif778811@gmail.com authenticated with regular JWT (universal)
INFO 2025-11-19 12:08:45,953 views 25156 24692 Auto-generated public link for survey ec98979c-cece-4345-af14-268d0204f314 via current-link endpoint by seif778811@gmail.com
INFO 2025-11-19 12:08:45,961 dual_auth 25156 24692 User seif778811@gmail.com authenticated with regular JWT (universal)
INFO 2025-11-19 12:08:45,967 views 25156 24692 Current link retrieved for survey ec98979c-cece-4345-af14-268d0204f314 by seif778811@gmail.com
INFO 2025-11-19 12:16:30,212 signals 25156 17716 Sent survey completed notification to seif778811@gmail.com for response f8342a0c-3f95-4f66-9df9-83bca3a61879 to survey ec98979c-cece-4345-af14-268d0204f314
INFO 2025-11-19 12:16:30,240 views 25156 17716 Survey response submitted: f8342a0c-3f95-4f66-9df9-83bca3a61879 for survey ec98979c-cece-4345-af14-268d0204f314 by email None
